# JRE version: OpenJDK Runtime Environment (21.0.6) (build 21.0.6+-13368085-b895.109)
# Java VM: OpenJDK 64-Bit Server VM (21.0.6+-13368085-b895.109, mixed mode, emulated-client, tiered, compressed oops, compressed class ptrs, g1 gc, linux-amd64)
GC Precious Log:
 CardTable entry size: 512
 Card Set container configuration: InlinePtr #cards 4 size 8 Array Of Cards #cards 16 size 48 Howl #buckets 8 coarsen threshold 3686 Howl Bitmap #cards 512 size 80 coarsen threshold 460 Card regions per heap region 1 cards per card region 4096
 CPUs: 8 total, 8 available
 Memory: 15779M
 Large Page Support: Disabled
 NUMA Support: Disabled
 Compressed Oops: Enabled (Zero based)
 Heap Region Size: 2M
 Heap Min Capacity: 8M
 Heap Initial Capacity: 248M
 Heap Max Capacity: 3G
 Pre-touch: Disabled
 Parallel Workers: 8
 Concurrent Workers: 2
 Concurrent Refinement Workers: 8
 Periodic GC: Disabled
Heap:
 garbage-first heap   total 253952K, used 179451K [0x0000000740000000, 0x0000000800000000)
  region size 2048K, 47 young (96256K), 7 survivors (14336K)
 Metaspace       used 70906K, committed 72768K, reserved 1114112K
  class space    used 10095K, committed 11008K, reserved 1048576K
GC Heap History (20 events):
Event: 1.915 GC heap before
{Heap before GC invocations=4 (full 0):
 garbage-first heap   total 75776K, used 72186K [0x0000000740000000, 0x0000000800000000)
  region size 2048K, 31 young (63488K), 5 survivors (10240K)
 Metaspace       used 27819K, committed 28416K, reserved 1114112K
  class space    used 3834K, committed 4096K, reserved 1048576K
}
Event: 1.921 GC heap after
{Heap after GC invocations=5 (full 0):
 garbage-first heap   total 88064K, used 22057K [0x0000000740000000, 0x0000000800000000)
  region size 2048K, 6 young (12288K), 6 survivors (12288K)
 Metaspace       used 27819K, committed 28416K, reserved 1114112K
  class space    used 3834K, committed 4096K, reserved 1048576K
}
Event: 2.268 GC heap before
{Heap before GC invocations=5 (full 0):
 garbage-first heap   total 88064K, used 71209K [0x0000000740000000, 0x0000000800000000)
  region size 2048K, 25 young (51200K), 6 survivors (12288K)
 Metaspace       used 31725K, committed 32576K, reserved 1114112K
  class space    used 4548K, committed 4928K, reserved 1048576K
}
Event: 2.278 GC heap after
{Heap after GC invocations=6 (full 0):
 garbage-first heap   total 94208K, used 39524K [0x0000000740000000, 0x0000000800000000)
  region size 2048K, 4 young (8192K), 4 survivors (8192K)
 Metaspace       used 31725K, committed 32576K, reserved 1114112K
  class space    used 4548K, committed 4928K, reserved 1048576K
}
Event: 2.534 GC heap before
{Heap before GC invocations=6 (full 0):
 garbage-first heap   total 94208K, used 68196K [0x0000000740000000, 0x0000000800000000)
  region size 2048K, 19 young (38912K), 4 survivors (8192K)
 Metaspace       used 35160K, committed 36096K, reserved 1114112K
  class space    used 5126K, committed 5568K, reserved 1048576K
}
Event: 2.540 GC heap after
{Heap after GC invocations=7 (full 0):
 garbage-first heap   total 114688K, used 42782K [0x0000000740000000, 0x0000000800000000)
  region size 2048K, 2 young (4096K), 2 survivors (4096K)
 Metaspace       used 35160K, committed 36096K, reserved 1114112K
  class space    used 5126K, committed 5568K, reserved 1048576K
}
Event: 2.973 GC heap before
{Heap before GC invocations=8 (full 0):
 garbage-first heap   total 114688K, used 85790K [0x0000000740000000, 0x0000000800000000)
  region size 2048K, 23 young (47104K), 2 survivors (4096K)
 Metaspace       used 41550K, committed 42752K, reserved 1114112K
  class space    used 6066K, committed 6656K, reserved 1048576K
}
Event: 2.978 GC heap after
{Heap after GC invocations=9 (full 0):
 garbage-first heap   total 114688K, used 45925K [0x0000000740000000, 0x0000000800000000)
  region size 2048K, 3 young (6144K), 3 survivors (6144K)
 Metaspace       used 41550K, committed 42752K, reserved 1114112K
  class space    used 6066K, committed 6656K, reserved 1048576K
}
Event: 3.350 GC heap before
{Heap before GC invocations=9 (full 0):
 garbage-first heap   total 114688K, used 93029K [0x0000000740000000, 0x0000000800000000)
  region size 2048K, 25 young (51200K), 3 survivors (6144K)
 Metaspace       used 46520K, committed 47808K, reserved 1114112K
  class space    used 6563K, committed 7168K, reserved 1048576K
}
Event: 3.360 GC heap after
{Heap after GC invocations=10 (full 0):
 garbage-first heap   total 114688K, used 49480K [0x0000000740000000, 0x0000000800000000)
  region size 2048K, 4 young (8192K), 4 survivors (8192K)
 Metaspace       used 46520K, committed 47808K, reserved 1114112K
  class space    used 6563K, committed 7168K, reserved 1048576K
}
Event: 3.782 GC heap before
{Heap before GC invocations=10 (full 0):
 garbage-first heap   total 114688K, used 94536K [0x0000000740000000, 0x0000000800000000)
  region size 2048K, 25 young (51200K), 4 survivors (8192K)
 Metaspace       used 51060K, committed 52416K, reserved 1114112K
  class space    used 7344K, committed 8000K, reserved 1048576K
}
Event: 3.789 GC heap after
{Heap after GC invocations=11 (full 0):
 garbage-first heap   total 114688K, used 54973K [0x0000000740000000, 0x0000000800000000)
  region size 2048K, 4 young (8192K), 4 survivors (8192K)
 Metaspace       used 51060K, committed 52416K, reserved 1114112K
  class space    used 7344K, committed 8000K, reserved 1048576K
}
Event: 3.792 GC heap before
{Heap before GC invocations=11 (full 0):
 garbage-first heap   total 114688K, used 54973K [0x0000000740000000, 0x0000000800000000)
  region size 2048K, 5 young (10240K), 4 survivors (8192K)
 Metaspace       used 51060K, committed 52416K, reserved 1114112K
  class space    used 7344K, committed 8000K, reserved 1048576K
}
Event: 3.797 GC heap after
{Heap after GC invocations=12 (full 0):
 garbage-first heap   total 114688K, used 55704K [0x0000000740000000, 0x0000000800000000)
  region size 2048K, 3 young (6144K), 3 survivors (6144K)
 Metaspace       used 51060K, committed 52416K, reserved 1114112K
  class space    used 7344K, committed 8000K, reserved 1048576K
}
Event: 3.862 GC heap before
{Heap before GC invocations=12 (full 0):
 garbage-first heap   total 114688K, used 67992K [0x0000000740000000, 0x0000000800000000)
  region size 2048K, 7 young (14336K), 3 survivors (6144K)
 Metaspace       used 51265K, committed 52672K, reserved 1114112K
  class space    used 7387K, committed 8064K, reserved 1048576K
}
Event: 3.867 GC heap after
{Heap after GC invocations=13 (full 0):
 garbage-first heap   total 268288K, used 63716K [0x0000000740000000, 0x0000000800000000)
  region size 2048K, 2 young (4096K), 2 survivors (4096K)
 Metaspace       used 51265K, committed 52672K, reserved 1114112K
  class space    used 7387K, committed 8064K, reserved 1048576K
}
Event: 4.507 GC heap before
{Heap before GC invocations=13 (full 0):
 garbage-first heap   total 268288K, used 137444K [0x0000000740000000, 0x0000000800000000)
  region size 2048K, 37 young (75776K), 2 survivors (4096K)
 Metaspace       used 58796K, committed 60480K, reserved 1114112K
  class space    used 8514K, committed 9344K, reserved 1048576K
}
Event: 4.513 GC heap after
{Heap after GC invocations=14 (full 0):
 garbage-first heap   total 268288K, used 74148K [0x0000000740000000, 0x0000000800000000)
  region size 2048K, 4 young (8192K), 4 survivors (8192K)
 Metaspace       used 58796K, committed 60480K, reserved 1114112K
  class space    used 8514K, committed 9344K, reserved 1048576K
}
Event: 5.260 GC heap before
{Heap before GC invocations=15 (full 0):
 garbage-first heap   total 253952K, used 186788K [0x0000000740000000, 0x0000000800000000)
  region size 2048K, 56 young (114688K), 4 survivors (8192K)
 Metaspace       used 62780K, committed 64512K, reserved 1114112K
  class space    used 9120K, committed 9984K, reserved 1048576K
}
Event: 5.274 GC heap after
{Heap after GC invocations=16 (full 0):
 garbage-first heap   total 253952K, used 101627K [0x0000000740000000, 0x0000000800000000)
  region size 2048K, 7 young (14336K), 7 survivors (14336K)
 Metaspace       used 62780K, committed 64512K, reserved 1114112K
  class space    used 9120K, committed 9984K, reserved 1048576K
}

