# JRE version: OpenJDK Runtime Environment (21.0.6) (build 21.0.6+-13368085-b895.109)
# Java VM: OpenJDK 64-Bit Server VM (21.0.6+-13368085-b895.109, mixed mode, emulated-client, tiered, compressed oops, compressed class ptrs, g1 gc, linux-amd64)
GC Precious Log:
 CardTable entry size: 512
 Card Set container configuration: InlinePtr #cards 4 size 8 Array Of Cards #cards 16 size 48 Howl #buckets 8 coarsen threshold 3686 Howl Bitmap #cards 512 size 80 coarsen threshold 460 Card regions per heap region 1 cards per card region 4096
 CPUs: 8 total, 8 available
 Memory: 15779M
 Large Page Support: Disabled
 NUMA Support: Disabled
 Compressed Oops: Enabled (Zero based)
 Heap Region Size: 2M
 Heap Min Capacity: 8M
 Heap Initial Capacity: 248M
 Heap Max Capacity: 3G
 Pre-touch: Disabled
 Parallel Workers: 8
 Concurrent Workers: 2
 Concurrent Refinement Workers: 8
 Periodic GC: Disabled
Heap:
 garbage-first heap   total 215040K, used 191904K [0x0000000740000000, 0x0000000800000000)
  region size 2048K, 40 young (81920K), 5 survivors (10240K)
 Metaspace       used 90223K, committed 92224K, reserved 1179648K
  class space    used 13237K, committed 14272K, reserved 1048576K
GC Heap History (20 events):
Event: 3.933 GC heap after
{Heap after GC invocations=13 (full 0):
 garbage-first heap   total 116736K, used 71437K [0x0000000740000000, 0x0000000800000000)
  region size 2048K, 3 young (6144K), 3 survivors (6144K)
 Metaspace       used 54143K, committed 55616K, reserved 1114112K
  class space    used 7718K, committed 8448K, reserved 1048576K
}
Event: 4.209 GC heap before
{Heap before GC invocations=13 (full 0):
 garbage-first heap   total 116736K, used 102157K [0x0000000740000000, 0x0000000800000000)
  region size 2048K, 18 young (36864K), 3 survivors (6144K)
 Metaspace       used 57357K, committed 59008K, reserved 1114112K
  class space    used 8310K, committed 9152K, reserved 1048576K
}
Event: 4.215 GC heap after
{Heap after GC invocations=14 (full 0):
 garbage-first heap   total 116736K, used 74759K [0x0000000740000000, 0x0000000800000000)
  region size 2048K, 2 young (4096K), 2 survivors (4096K)
 Metaspace       used 57357K, committed 59008K, reserved 1114112K
  class space    used 8310K, committed 9152K, reserved 1048576K
}
Event: 4.524 GC heap before
{Heap before GC invocations=14 (full 0):
 garbage-first heap   total 116736K, used 101383K [0x0000000740000000, 0x0000000800000000)
  region size 2048K, 15 young (30720K), 2 survivors (4096K)
 Metaspace       used 59180K, committed 60928K, reserved 1114112K
  class space    used 8608K, committed 9472K, reserved 1048576K
}
Event: 4.529 GC heap after
{Heap after GC invocations=15 (full 0):
 garbage-first heap   total 141312K, used 77981K [0x0000000740000000, 0x0000000800000000)
  region size 2048K, 2 young (4096K), 2 survivors (4096K)
 Metaspace       used 59180K, committed 60928K, reserved 1114112K
  class space    used 8608K, committed 9472K, reserved 1048576K
}
Event: 4.793 GC heap before
{Heap before GC invocations=16 (full 0):
 garbage-first heap   total 141312K, used 120989K [0x0000000740000000, 0x0000000800000000)
  region size 2048K, 24 young (49152K), 2 survivors (4096K)
 Metaspace       used 59793K, committed 61504K, reserved 1114112K
  class space    used 8730K, committed 9600K, reserved 1048576K
}
Event: 4.800 GC heap after
{Heap after GC invocations=17 (full 0):
 garbage-first heap   total 141312K, used 82441K [0x0000000740000000, 0x0000000800000000)
  region size 2048K, 3 young (6144K), 3 survivors (6144K)
 Metaspace       used 59793K, committed 61504K, reserved 1114112K
  class space    used 8730K, committed 9600K, reserved 1048576K
}
Event: 5.158 GC heap before
{Heap before GC invocations=17 (full 0):
 garbage-first heap   total 141312K, used 131593K [0x0000000740000000, 0x0000000800000000)
  region size 2048K, 24 young (49152K), 3 survivors (6144K)
 Metaspace       used 64801K, committed 66560K, reserved 1114112K
  class space    used 9845K, committed 10752K, reserved 1048576K
}
Event: 5.167 GC heap after
{Heap after GC invocations=18 (full 0):
 garbage-first heap   total 153600K, used 102228K [0x0000000740000000, 0x0000000800000000)
  region size 2048K, 3 young (6144K), 3 survivors (6144K)
 Metaspace       used 64801K, committed 66560K, reserved 1114112K
  class space    used 9845K, committed 10752K, reserved 1048576K
}
Event: 5.349 GC heap before
{Heap before GC invocations=18 (full 0):
 garbage-first heap   total 153600K, used 132948K [0x0000000740000000, 0x0000000800000000)
  region size 2048K, 19 young (38912K), 3 survivors (6144K)
 Metaspace       used 67449K, committed 69248K, reserved 1114112K
  class space    used 10180K, committed 11072K, reserved 1048576K
}
Event: 5.353 GC heap after
{Heap after GC invocations=19 (full 0):
 garbage-first heap   total 153600K, used 104302K [0x0000000740000000, 0x0000000800000000)
  region size 2048K, 2 young (4096K), 2 survivors (4096K)
 Metaspace       used 67449K, committed 69248K, reserved 1114112K
  class space    used 10180K, committed 11072K, reserved 1048576K
}
Event: 5.587 GC heap before
{Heap before GC invocations=20 (full 0):
 garbage-first heap   total 178176K, used 132974K [0x0000000740000000, 0x0000000800000000)
  region size 2048K, 17 young (34816K), 2 survivors (4096K)
 Metaspace       used 71067K, committed 72832K, reserved 1114112K
  class space    used 10520K, committed 11392K, reserved 1048576K
}
Event: 5.591 GC heap after
{Heap after GC invocations=21 (full 0):
 garbage-first heap   total 178176K, used 105052K [0x0000000740000000, 0x0000000800000000)
  region size 2048K, 2 young (4096K), 2 survivors (4096K)
 Metaspace       used 71067K, committed 72832K, reserved 1114112K
  class space    used 10520K, committed 11392K, reserved 1048576K
}
Event: 6.003 GC heap before
{Heap before GC invocations=21 (full 0):
 garbage-first heap   total 178176K, used 154204K [0x0000000740000000, 0x0000000800000000)
  region size 2048K, 27 young (55296K), 2 survivors (4096K)
 Metaspace       used 75537K, committed 77376K, reserved 1114112K
  class space    used 11164K, committed 12096K, reserved 1048576K
}
Event: 6.008 GC heap after
{Heap after GC invocations=22 (full 0):
 garbage-first heap   total 178176K, used 108445K [0x0000000740000000, 0x0000000800000000)
  region size 2048K, 4 young (8192K), 4 survivors (8192K)
 Metaspace       used 75537K, committed 77376K, reserved 1114112K
  class space    used 11164K, committed 12096K, reserved 1048576K
}
Event: 6.352 GC heap before
{Heap before GC invocations=22 (full 0):
 garbage-first heap   total 178176K, used 157597K [0x0000000740000000, 0x0000000800000000)
  region size 2048K, 28 young (57344K), 4 survivors (8192K)
 Metaspace       used 79222K, committed 81152K, reserved 1179648K
  class space    used 11656K, committed 12608K, reserved 1048576K
}
Event: 6.358 GC heap after
{Heap after GC invocations=23 (full 0):
 garbage-first heap   total 215040K, used 112542K [0x0000000740000000, 0x0000000800000000)
  region size 2048K, 2 young (4096K), 2 survivors (4096K)
 Metaspace       used 79222K, committed 81152K, reserved 1179648K
  class space    used 11656K, committed 12608K, reserved 1048576K
}
Event: 6.998 GC heap before
{Heap before GC invocations=24 (full 0):
 garbage-first heap   total 215040K, used 186270K [0x0000000740000000, 0x0000000800000000)
  region size 2048K, 37 young (75776K), 2 survivors (4096K)
 Metaspace       used 87024K, committed 89024K, reserved 1179648K
  class space    used 12756K, committed 13760K, reserved 1048576K
}
Event: 7.003 GC heap after
{Heap after GC invocations=25 (full 0):
 garbage-first heap   total 215040K, used 120224K [0x0000000740000000, 0x0000000800000000)
  region size 2048K, 4 young (8192K), 4 survivors (8192K)
 Metaspace       used 87024K, committed 89024K, reserved 1179648K
  class space    used 12756K, committed 13760K, reserved 1048576K
}
Event: 24.268 GC heap before
{Heap before GC invocations=25 (full 0):
 garbage-first heap   total 215040K, used 191904K [0x0000000740000000, 0x0000000800000000)
  region size 2048K, 39 young (79872K), 4 survivors (8192K)
 Metaspace       used 90223K, committed 92224K, reserved 1179648K
  class space    used 13237K, committed 14272K, reserved 1048576K
}

