# JRE version: OpenJDK Runtime Environment (21.0.6) (build 21.0.6+-13368085-b895.109)
# Java VM: OpenJDK 64-Bit Server VM (21.0.6+-13368085-b895.109, mixed mode, emulated-client, tiered, compressed oops, compressed class ptrs, g1 gc, linux-amd64)
GC Precious Log:
 CardTable entry size: 512
 Card Set container configuration: InlinePtr #cards 4 size 8 Array Of Cards #cards 16 size 48 Howl #buckets 8 coarsen threshold 3686 Howl Bitmap #cards 512 size 80 coarsen threshold 460 Card regions per heap region 1 cards per card region 4096
 CPUs: 8 total, 8 available
 Memory: 15779M
 Large Page Support: Disabled
 NUMA Support: Disabled
 Compressed Oops: Enabled (Zero based)
 Heap Region Size: 2M
 Heap Min Capacity: 8M
 Heap Initial Capacity: 248M
 Heap Max Capacity: 3G
 Pre-touch: Disabled
 Parallel Workers: 8
 Concurrent Workers: 2
 Concurrent Refinement Workers: 8
 Periodic GC: Disabled
Heap:
 garbage-first heap   total 346112K, used 297049K [0x0000000740000000, 0x0000000800000000)
  region size 2048K, 92 young (188416K), 11 survivors (22528K)
 Metaspace       used 112430K, committed 114560K, reserved 1179648K
  class space    used 16549K, committed 17600K, reserved 1048576K
GC Heap History (20 events):
Event: 6.705 GC heap after
{Heap after GC invocations=26 (full 0):
 garbage-first heap   total 178176K, used 90576K [0x0000000740000000, 0x0000000800000000)
  region size 2048K, 5 young (10240K), 5 survivors (10240K)
 Metaspace       used 82508K, committed 84352K, reserved 1179648K
  class space    used 11753K, committed 12672K, reserved 1048576K
}
Event: 7.123 GC heap before
{Heap before GC invocations=26 (full 0):
 garbage-first heap   total 178176K, used 152016K [0x0000000740000000, 0x0000000800000000)
  region size 2048K, 35 young (71680K), 5 survivors (10240K)
 Metaspace       used 87231K, committed 89088K, reserved 1179648K
  class space    used 12626K, committed 13568K, reserved 1048576K
}
Event: 7.130 GC heap after
{Heap after GC invocations=27 (full 0):
 garbage-first heap   total 178176K, used 93423K [0x0000000740000000, 0x0000000800000000)
  region size 2048K, 2 young (4096K), 2 survivors (4096K)
 Metaspace       used 87231K, committed 89088K, reserved 1179648K
  class space    used 12626K, committed 13568K, reserved 1048576K
}
Event: 7.639 GC heap before
{Heap before GC invocations=27 (full 0):
 garbage-first heap   total 178176K, used 154863K [0x0000000740000000, 0x0000000800000000)
  region size 2048K, 32 young (65536K), 2 survivors (4096K)
 Metaspace       used 91689K, committed 93632K, reserved 1179648K
  class space    used 13316K, committed 14336K, reserved 1048576K
}
Event: 7.645 GC heap after
{Heap after GC invocations=28 (full 0):
 garbage-first heap   total 178176K, used 96114K [0x0000000740000000, 0x0000000800000000)
  region size 2048K, 3 young (6144K), 3 survivors (6144K)
 Metaspace       used 91689K, committed 93632K, reserved 1179648K
  class space    used 13316K, committed 14336K, reserved 1048576K
}
Event: 8.153 GC heap before
{Heap before GC invocations=29 (full 0):
 garbage-first heap   total 178176K, used 157554K [0x0000000740000000, 0x0000000800000000)
  region size 2048K, 33 young (67584K), 3 survivors (6144K)
 Metaspace       used 96324K, committed 98368K, reserved 1179648K
  class space    used 14045K, committed 15040K, reserved 1048576K
}
Event: 8.159 GC heap after
{Heap after GC invocations=30 (full 0):
 garbage-first heap   total 178176K, used 99579K [0x0000000740000000, 0x0000000800000000)
  region size 2048K, 4 young (8192K), 4 survivors (8192K)
 Metaspace       used 96324K, committed 98368K, reserved 1179648K
  class space    used 14045K, committed 15040K, reserved 1048576K
}
Event: 8.607 GC heap before
{Heap before GC invocations=30 (full 0):
 garbage-first heap   total 178176K, used 154875K [0x0000000740000000, 0x0000000800000000)
  region size 2048K, 32 young (65536K), 4 survivors (8192K)
 Metaspace       used 100295K, committed 102336K, reserved 1179648K
  class space    used 14537K, committed 15552K, reserved 1048576K
}
Event: 8.619 GC heap after
{Heap after GC invocations=31 (full 0):
 garbage-first heap   total 215040K, used 103359K [0x0000000740000000, 0x0000000800000000)
  region size 2048K, 4 young (8192K), 4 survivors (8192K)
 Metaspace       used 100295K, committed 102336K, reserved 1179648K
  class space    used 14537K, committed 15552K, reserved 1048576K
}
Event: 9.150 GC heap before
{Heap before GC invocations=31 (full 0):
 garbage-first heap   total 215040K, used 189375K [0x0000000740000000, 0x0000000800000000)
  region size 2048K, 47 young (96256K), 4 survivors (8192K)
 Metaspace       used 103252K, committed 105344K, reserved 1179648K
  class space    used 14981K, committed 16000K, reserved 1048576K
}
Event: 9.160 GC heap after
{Heap after GC invocations=32 (full 0):
 garbage-first heap   total 215040K, used 111719K [0x0000000740000000, 0x0000000800000000)
  region size 2048K, 6 young (12288K), 6 survivors (12288K)
 Metaspace       used 103252K, committed 105344K, reserved 1179648K
  class space    used 14981K, committed 16000K, reserved 1048576K
}
Event: 9.437 GC heap before
{Heap before GC invocations=32 (full 0):
 garbage-first heap   total 215040K, used 187495K [0x0000000740000000, 0x0000000800000000)
  region size 2048K, 44 young (90112K), 6 survivors (12288K)
 Metaspace       used 103424K, committed 105536K, reserved 1179648K
  class space    used 15015K, committed 16064K, reserved 1048576K
}
Event: 9.450 GC heap after
{Heap after GC invocations=33 (full 0):
 garbage-first heap   total 215040K, used 116165K [0x0000000740000000, 0x0000000800000000)
  region size 2048K, 3 young (6144K), 3 survivors (6144K)
 Metaspace       used 103424K, committed 105536K, reserved 1179648K
  class space    used 15015K, committed 16064K, reserved 1048576K
}
Event: 9.770 GC heap before
{Heap before GC invocations=33 (full 0):
 garbage-first heap   total 215040K, used 189893K [0x0000000740000000, 0x0000000800000000)
  region size 2048K, 40 young (81920K), 3 survivors (6144K)
 Metaspace       used 104091K, committed 106240K, reserved 1179648K
  class space    used 15132K, committed 16192K, reserved 1048576K
}
Event: 9.779 GC heap after
{Heap after GC invocations=34 (full 0):
 garbage-first heap   total 215040K, used 120115K [0x0000000740000000, 0x0000000800000000)
  region size 2048K, 4 young (8192K), 4 survivors (8192K)
 Metaspace       used 104091K, committed 106240K, reserved 1179648K
  class space    used 15132K, committed 16192K, reserved 1048576K
}
Event: 10.051 GC heap before
{Heap before GC invocations=35 (full 0):
 garbage-first heap   total 215040K, used 189747K [0x0000000740000000, 0x0000000800000000)
  region size 2048K, 39 young (79872K), 4 survivors (8192K)
 Metaspace       used 104803K, committed 106944K, reserved 1179648K
  class space    used 15258K, committed 16320K, reserved 1048576K
}
Event: 10.062 GC heap after
{Heap after GC invocations=36 (full 0):
 garbage-first heap   total 215040K, used 124846K [0x0000000740000000, 0x0000000800000000)
  region size 2048K, 4 young (8192K), 4 survivors (8192K)
 Metaspace       used 104803K, committed 106944K, reserved 1179648K
  class space    used 15258K, committed 16320K, reserved 1048576K
}
Event: 10.165 GC heap before
{Heap before GC invocations=36 (full 0):
 garbage-first heap   total 215040K, used 190382K [0x0000000740000000, 0x0000000800000000)
  region size 2048K, 37 young (75776K), 4 survivors (8192K)
 Metaspace       used 105692K, committed 107776K, reserved 1179648K
  class space    used 15402K, committed 16448K, reserved 1048576K
}
Event: 10.176 GC heap after
{Heap after GC invocations=37 (full 0):
 garbage-first heap   total 346112K, used 131161K [0x0000000740000000, 0x0000000800000000)
  region size 2048K, 5 young (10240K), 5 survivors (10240K)
 Metaspace       used 105692K, committed 107776K, reserved 1179648K
  class space    used 15402K, committed 16448K, reserved 1048576K
}
Event: 10.626 GC heap before
{Heap before GC invocations=37 (full 0):
 garbage-first heap   total 346112K, used 295001K [0x0000000740000000, 0x0000000800000000)
  region size 2048K, 86 young (176128K), 5 survivors (10240K)
 Metaspace       used 112430K, committed 114560K, reserved 1179648K
  class space    used 16549K, committed 17600K, reserved 1048576K
}

