# JRE version: OpenJDK Runtime Environment (21.0.6) (build 21.0.6+-13368085-b895.109)
# Java VM: OpenJDK 64-Bit Server VM (21.0.6+-13368085-b895.109, mixed mode, emulated-client, tiered, compressed oops, compressed class ptrs, g1 gc, linux-amd64)
GC Precious Log:
 CardTable entry size: 512
 Card Set container configuration: InlinePtr #cards 4 size 8 Array Of Cards #cards 16 size 48 Howl #buckets 8 coarsen threshold 3686 Howl Bitmap #cards 512 size 80 coarsen threshold 460 Card regions per heap region 1 cards per card region 4096
 CPUs: 8 total, 8 available
 Memory: 15779M
 Large Page Support: Disabled
 NUMA Support: Disabled
 Compressed Oops: Enabled (Zero based)
 Heap Region Size: 2M
 Heap Min Capacity: 8M
 Heap Initial Capacity: 248M
 Heap Max Capacity: 3G
 Pre-touch: Disabled
 Parallel Workers: 8
 Concurrent Workers: 2
 Concurrent Refinement Workers: 8
 Periodic GC: Disabled
Heap:
 garbage-first heap   total 219136K, used 201990K [0x0000000740000000, 0x0000000800000000)
  region size 2048K, 46 young (94208K), 6 survivors (12288K)
 Metaspace       used 96956K, committed 98944K, reserved 1179648K
  class space    used 14103K, committed 15104K, reserved 1048576K
GC Heap History (20 events):
Event: 6.856 GC heap after
{Heap after GC invocations=17 (full 0):
 garbage-first heap   total 145408K, used 73424K [0x0000000740000000, 0x0000000800000000)
  region size 2048K, 2 young (4096K), 2 survivors (4096K)
 Metaspace       used 61027K, committed 62720K, reserved 1114112K
  class space    used 9250K, committed 10112K, reserved 1048576K
}
Event: 8.136 GC heap before
{Heap before GC invocations=18 (full 0):
 garbage-first heap   total 145408K, used 118480K [0x0000000740000000, 0x0000000800000000)
  region size 2048K, 24 young (49152K), 2 survivors (4096K)
 Metaspace       used 69382K, committed 71040K, reserved 1114112K
  class space    used 10393K, committed 11200K, reserved 1048576K
}
Event: 8.142 GC heap after
{Heap after GC invocations=19 (full 0):
 garbage-first heap   total 145408K, used 77286K [0x0000000740000000, 0x0000000800000000)
  region size 2048K, 3 young (6144K), 3 survivors (6144K)
 Metaspace       used 69382K, committed 71040K, reserved 1114112K
  class space    used 10393K, committed 11200K, reserved 1048576K
}
Event: 20.058 GC heap before
{Heap before GC invocations=19 (full 0):
 garbage-first heap   total 145408K, used 120294K [0x0000000740000000, 0x0000000800000000)
  region size 2048K, 25 young (51200K), 3 survivors (6144K)
 Metaspace       used 72548K, committed 74240K, reserved 1114112K
  class space    used 10831K, committed 11648K, reserved 1048576K
}
Event: 20.074 GC heap after
{Heap after GC invocations=20 (full 0):
 garbage-first heap   total 145408K, used 82531K [0x0000000740000000, 0x0000000800000000)
  region size 2048K, 4 young (8192K), 4 survivors (8192K)
 Metaspace       used 72548K, committed 74240K, reserved 1114112K
  class space    used 10831K, committed 11648K, reserved 1048576K
}
Event: 20.365 GC heap before
{Heap before GC invocations=20 (full 0):
 garbage-first heap   total 145408K, used 117347K [0x0000000740000000, 0x0000000800000000)
  region size 2048K, 23 young (47104K), 4 survivors (8192K)
 Metaspace       used 72880K, committed 74560K, reserved 1114112K
  class space    used 10894K, committed 11712K, reserved 1048576K
}
Event: 20.374 GC heap after
{Heap after GC invocations=21 (full 0):
 garbage-first heap   total 145408K, used 85597K [0x0000000740000000, 0x0000000800000000)
  region size 2048K, 2 young (4096K), 2 survivors (4096K)
 Metaspace       used 72880K, committed 74560K, reserved 1114112K
  class space    used 10894K, committed 11712K, reserved 1048576K
}
Event: 20.876 GC heap before
{Heap before GC invocations=22 (full 0):
 garbage-first heap   total 147456K, used 132701K [0x0000000740000000, 0x0000000800000000)
  region size 2048K, 22 young (45056K), 2 survivors (4096K)
 Metaspace       used 74584K, committed 76288K, reserved 1114112K
  class space    used 11132K, committed 11968K, reserved 1048576K
}
Event: 20.882 GC heap after
{Heap after GC invocations=23 (full 0):
 garbage-first heap   total 151552K, used 105984K [0x0000000740000000, 0x0000000800000000)
  region size 2048K, 3 young (6144K), 3 survivors (6144K)
 Metaspace       used 74584K, committed 76288K, reserved 1114112K
  class space    used 11132K, committed 11968K, reserved 1048576K
}
Event: 21.194 GC heap before
{Heap before GC invocations=23 (full 0):
 garbage-first heap   total 151552K, used 132608K [0x0000000740000000, 0x0000000800000000)
  region size 2048K, 17 young (34816K), 3 survivors (6144K)
 Metaspace       used 77458K, committed 79232K, reserved 1179648K
  class space    used 11456K, committed 12352K, reserved 1048576K
}
Event: 21.198 GC heap after
{Heap after GC invocations=24 (full 0):
 garbage-first heap   total 151552K, used 106910K [0x0000000740000000, 0x0000000800000000)
  region size 2048K, 1 young (2048K), 1 survivors (2048K)
 Metaspace       used 77458K, committed 79232K, reserved 1179648K
  class space    used 11456K, committed 12352K, reserved 1048576K
}
Event: 21.494 GC heap before
{Heap before GC invocations=24 (full 0):
 garbage-first heap   total 151552K, used 135582K [0x0000000740000000, 0x0000000800000000)
  region size 2048K, 15 young (30720K), 1 survivors (2048K)
 Metaspace       used 80846K, committed 82624K, reserved 1179648K
  class space    used 11798K, committed 12672K, reserved 1048576K
}
Event: 21.497 GC heap after
{Heap after GC invocations=25 (full 0):
 garbage-first heap   total 151552K, used 107533K [0x0000000740000000, 0x0000000800000000)
  region size 2048K, 1 young (2048K), 1 survivors (2048K)
 Metaspace       used 80846K, committed 82624K, reserved 1179648K
  class space    used 11798K, committed 12672K, reserved 1048576K
}
Event: 21.812 GC heap before
{Heap before GC invocations=26 (full 0):
 garbage-first heap   total 182272K, used 138253K [0x0000000740000000, 0x0000000800000000)
  region size 2048K, 16 young (32768K), 1 survivors (2048K)
 Metaspace       used 83174K, committed 85056K, reserved 1179648K
  class space    used 12208K, committed 13120K, reserved 1048576K
}
Event: 21.817 GC heap after
{Heap after GC invocations=27 (full 0):
 garbage-first heap   total 182272K, used 112547K [0x0000000740000000, 0x0000000800000000)
  region size 2048K, 2 young (4096K), 2 survivors (4096K)
 Metaspace       used 83174K, committed 85056K, reserved 1179648K
  class space    used 12208K, committed 13120K, reserved 1048576K
}
Event: 22.212 GC heap before
{Heap before GC invocations=27 (full 0):
 garbage-first heap   total 182272K, used 159651K [0x0000000740000000, 0x0000000800000000)
  region size 2048K, 26 young (53248K), 2 survivors (4096K)
 Metaspace       used 86082K, committed 87936K, reserved 1179648K
  class space    used 12621K, committed 13568K, reserved 1048576K
}
Event: 22.217 GC heap after
{Heap after GC invocations=28 (full 0):
 garbage-first heap   total 219136K, used 114063K [0x0000000740000000, 0x0000000800000000)
  region size 2048K, 4 young (8192K), 4 survivors (8192K)
 Metaspace       used 86082K, committed 87936K, reserved 1179648K
  class space    used 12621K, committed 13568K, reserved 1048576K
}
Event: 22.622 GC heap before
{Heap before GC invocations=28 (full 0):
 garbage-first heap   total 219136K, used 144783K [0x0000000740000000, 0x0000000800000000)
  region size 2048K, 20 young (40960K), 4 survivors (8192K)
 Metaspace       used 89498K, committed 91392K, reserved 1179648K
  class space    used 13091K, committed 14016K, reserved 1048576K
}
Event: 22.628 GC heap after
{Heap after GC invocations=29 (full 0):
 garbage-first heap   total 219136K, used 115974K [0x0000000740000000, 0x0000000800000000)
  region size 2048K, 4 young (8192K), 4 survivors (8192K)
 Metaspace       used 89498K, committed 91392K, reserved 1179648K
  class space    used 13091K, committed 14016K, reserved 1048576K
}
Event: 23.459 GC heap before
{Heap before GC invocations=30 (full 0):
 garbage-first heap   total 219136K, used 201990K [0x0000000740000000, 0x0000000800000000)
  region size 2048K, 44 young (90112K), 4 survivors (8192K)
 Metaspace       used 96956K, committed 98944K, reserved 1179648K
  class space    used 14103K, committed 15104K, reserved 1048576K
}

