# JRE version: OpenJDK Runtime Environment (21.0.6) (build 21.0.6+-13368085-b895.109)
# Java VM: OpenJDK 64-Bit Server VM (21.0.6+-13368085-b895.109, mixed mode, emulated-client, tiered, compressed oops, compressed class ptrs, g1 gc, linux-amd64)
GC Precious Log:
 CardTable entry size: 512
 Card Set container configuration: InlinePtr #cards 4 size 8 Array Of Cards #cards 16 size 48 Howl #buckets 8 coarsen threshold 3686 Howl Bitmap #cards 512 size 80 coarsen threshold 460 Card regions per heap region 1 cards per card region 4096
 CPUs: 8 total, 8 available
 Memory: 15779M
 Large Page Support: Disabled
 NUMA Support: Disabled
 Compressed Oops: Enabled (Zero based)
 Heap Region Size: 2M
 Heap Min Capacity: 8M
 Heap Initial Capacity: 248M
 Heap Max Capacity: 3G
 Pre-touch: Disabled
 Parallel Workers: 8
 Concurrent Workers: 2
 Concurrent Refinement Workers: 8
 Periodic GC: Disabled
Heap:
 garbage-first heap   total 184320K, used 157258K [0x0000000740000000, 0x0000000800000000)
  region size 2048K, 23 young (47104K), 2 survivors (4096K)
 Metaspace       used 77586K, committed 79552K, reserved 1179648K
  class space    used 11029K, committed 11968K, reserved 1048576K
GC Heap History (20 events):
Event: 2.946 GC heap after
{Heap after GC invocations=11 (full 0):
 garbage-first heap   total 102400K, used 51511K [0x0000000740000000, 0x0000000800000000)
  region size 2048K, 1 young (2048K), 1 survivors (2048K)
 Metaspace       used 45262K, committed 46528K, reserved 1114112K
  class space    used 6490K, committed 7104K, reserved 1048576K
}
Event: 3.330 GC heap before
{Heap before GC invocations=12 (full 0):
 garbage-first heap   total 102400K, used 90423K [0x0000000740000000, 0x0000000800000000)
  region size 2048K, 19 young (38912K), 1 survivors (2048K)
 Metaspace       used 50486K, committed 51776K, reserved 1114112K
  class space    used 7237K, committed 7872K, reserved 1048576K
}
Event: 3.333 GC heap after
{Heap after GC invocations=13 (full 0):
 garbage-first heap   total 102400K, used 51775K [0x0000000740000000, 0x0000000800000000)
  region size 2048K, 2 young (4096K), 2 survivors (4096K)
 Metaspace       used 50486K, committed 51776K, reserved 1114112K
  class space    used 7237K, committed 7872K, reserved 1048576K
}
Event: 3.627 GC heap before
{Heap before GC invocations=13 (full 0):
 garbage-first heap   total 102400K, used 98879K [0x0000000740000000, 0x0000000800000000)
  region size 2048K, 19 young (38912K), 2 survivors (4096K)
 Metaspace       used 53343K, committed 54784K, reserved 1114112K
  class space    used 7562K, committed 8256K, reserved 1048576K
}
Event: 3.635 GC heap after
{Heap after GC invocations=14 (full 0):
 garbage-first heap   total 112640K, used 70924K [0x0000000740000000, 0x0000000800000000)
  region size 2048K, 3 young (6144K), 3 survivors (6144K)
 Metaspace       used 53343K, committed 54784K, reserved 1114112K
  class space    used 7562K, committed 8256K, reserved 1048576K
}
Event: 3.849 GC heap before
{Heap before GC invocations=14 (full 0):
 garbage-first heap   total 112640K, used 97548K [0x0000000740000000, 0x0000000800000000)
  region size 2048K, 16 young (32768K), 3 survivors (6144K)
 Metaspace       used 55740K, committed 57408K, reserved 1114112K
  class space    used 8003K, committed 8832K, reserved 1048576K
}
Event: 3.854 GC heap after
{Heap after GC invocations=15 (full 0):
 garbage-first heap   total 112640K, used 73761K [0x0000000740000000, 0x0000000800000000)
  region size 2048K, 2 young (4096K), 2 survivors (4096K)
 Metaspace       used 55740K, committed 57408K, reserved 1114112K
  class space    used 8003K, committed 8832K, reserved 1048576K
}
Event: 4.111 GC heap before
{Heap before GC invocations=16 (full 0):
 garbage-first heap   total 126976K, used 98337K [0x0000000740000000, 0x0000000800000000)
  region size 2048K, 14 young (28672K), 2 survivors (4096K)
 Metaspace       used 58421K, committed 60160K, reserved 1114112K
  class space    used 8473K, committed 9344K, reserved 1048576K
}
Event: 4.114 GC heap after
{Heap after GC invocations=17 (full 0):
 garbage-first heap   total 126976K, used 75170K [0x0000000740000000, 0x0000000800000000)
  region size 2048K, 1 young (2048K), 1 survivors (2048K)
 Metaspace       used 58421K, committed 60160K, reserved 1114112K
  class space    used 8473K, committed 9344K, reserved 1048576K
}
Event: 4.409 GC heap before
{Heap before GC invocations=17 (full 0):
 garbage-first heap   total 126976K, used 109986K [0x0000000740000000, 0x0000000800000000)
  region size 2048K, 19 young (38912K), 1 survivors (2048K)
 Metaspace       used 59205K, committed 60928K, reserved 1114112K
  class space    used 8622K, committed 9472K, reserved 1048576K
}
Event: 4.416 GC heap after
{Heap after GC invocations=18 (full 0):
 garbage-first heap   total 153600K, used 79725K [0x0000000740000000, 0x0000000800000000)
  region size 2048K, 3 young (6144K), 3 survivors (6144K)
 Metaspace       used 59205K, committed 60928K, reserved 1114112K
  class space    used 8622K, committed 9472K, reserved 1048576K
}
Event: 4.699 GC heap before
{Heap before GC invocations=18 (full 0):
 garbage-first heap   total 153600K, used 143213K [0x0000000740000000, 0x0000000800000000)
  region size 2048K, 31 young (63488K), 3 survivors (6144K)
 Metaspace       used 60985K, committed 62720K, reserved 1114112K
  class space    used 8878K, committed 9728K, reserved 1048576K
}
Event: 4.709 GC heap after
{Heap after GC invocations=19 (full 0):
 garbage-first heap   total 165888K, used 101601K [0x0000000740000000, 0x0000000800000000)
  region size 2048K, 4 young (8192K), 4 survivors (8192K)
 Metaspace       used 60985K, committed 62720K, reserved 1114112K
  class space    used 8878K, committed 9728K, reserved 1048576K
}
Event: 5.010 GC heap before
{Heap before GC invocations=20 (full 0):
 garbage-first heap   total 172032K, used 142561K [0x0000000740000000, 0x0000000800000000)
  region size 2048K, 24 young (49152K), 4 survivors (8192K)
 Metaspace       used 65379K, committed 67136K, reserved 1114112K
  class space    used 9366K, committed 10240K, reserved 1048576K
}
Event: 5.013 GC heap after
{Heap after GC invocations=21 (full 0):
 garbage-first heap   total 172032K, used 103132K [0x0000000740000000, 0x0000000800000000)
  region size 2048K, 1 young (2048K), 1 survivors (2048K)
 Metaspace       used 65379K, committed 67136K, reserved 1114112K
  class space    used 9366K, committed 10240K, reserved 1048576K
}
Event: 5.414 GC heap before
{Heap before GC invocations=21 (full 0):
 garbage-first heap   total 172032K, used 150236K [0x0000000740000000, 0x0000000800000000)
  region size 2048K, 24 young (49152K), 1 survivors (2048K)
 Metaspace       used 70822K, committed 72640K, reserved 1114112K
  class space    used 10084K, committed 11008K, reserved 1048576K
}
Event: 5.419 GC heap after
{Heap after GC invocations=22 (full 0):
 garbage-first heap   total 172032K, used 107324K [0x0000000740000000, 0x0000000800000000)
  region size 2048K, 3 young (6144K), 3 survivors (6144K)
 Metaspace       used 70822K, committed 72640K, reserved 1114112K
  class space    used 10084K, committed 11008K, reserved 1048576K
}
Event: 5.697 GC heap before
{Heap before GC invocations=22 (full 0):
 garbage-first heap   total 172032K, used 150332K [0x0000000740000000, 0x0000000800000000)
  region size 2048K, 25 young (51200K), 3 survivors (6144K)
 Metaspace       used 73364K, committed 75264K, reserved 1114112K
  class space    used 10440K, committed 11392K, reserved 1048576K
}
Event: 5.703 GC heap after
{Heap after GC invocations=23 (full 0):
 garbage-first heap   total 172032K, used 110154K [0x0000000740000000, 0x0000000800000000)
  region size 2048K, 4 young (8192K), 4 survivors (8192K)
 Metaspace       used 73364K, committed 75264K, reserved 1114112K
  class space    used 10440K, committed 11392K, reserved 1048576K
}
Event: 6.083 GC heap before
{Heap before GC invocations=24 (full 0):
 garbage-first heap   total 184320K, used 157258K [0x0000000740000000, 0x0000000800000000)
  region size 2048K, 25 young (51200K), 4 survivors (8192K)
 Metaspace       used 77586K, committed 79552K, reserved 1179648K
  class space    used 11029K, committed 11968K, reserved 1048576K
}

