# JRE version: OpenJDK Runtime Environment (21.0.6) (build 21.0.6+-13368085-b895.109)
# Java VM: OpenJDK 64-Bit Server VM (21.0.6+-13368085-b895.109, mixed mode, emulated-client, tiered, compressed oops, compressed class ptrs, g1 gc, linux-amd64)
GC Precious Log:
 CardTable entry size: 512
 Card Set container configuration: InlinePtr #cards 4 size 8 Array Of Cards #cards 16 size 48 Howl #buckets 8 coarsen threshold 3686 Howl Bitmap #cards 512 size 80 coarsen threshold 460 Card regions per heap region 1 cards per card region 4096
 CPUs: 8 total, 8 available
 Memory: 15779M
 Large Page Support: Disabled
 NUMA Support: Disabled
 Compressed Oops: Enabled (Zero based)
 Heap Region Size: 2M
 Heap Min Capacity: 8M
 Heap Initial Capacity: 248M
 Heap Max Capacity: 3G
 Pre-touch: Disabled
 Parallel Workers: 8
 Concurrent Workers: 2
 Concurrent Refinement Workers: 8
 Periodic GC: Disabled
Heap:
 garbage-first heap   total 126976K, used 95389K [0x0000000740000000, 0x0000000800000000)
  region size 2048K, 14 young (28672K), 3 survivors (6144K)
 Metaspace       used 59170K, committed 60928K, reserved 1114112K
  class space    used 8608K, committed 9472K, reserved 1048576K
GC Heap History (20 events):
Event: 1.129 GC heap before
{Heap before GC invocations=2 (full 0):
 garbage-first heap   total 253952K, used 56068K [0x0000000740000000, 0x0000000800000000)
  region size 2048K, 25 young (51200K), 1 survivors (2048K)
 Metaspace       used 21180K, committed 21504K, reserved 1114112K
  class space    used 2665K, committed 2816K, reserved 1048576K
}
Event: 1.136 GC heap after
{Heap after GC invocations=3 (full 0):
 garbage-first heap   total 253952K, used 18837K [0x0000000740000000, 0x0000000800000000)
  region size 2048K, 5 young (10240K), 5 survivors (10240K)
 Metaspace       used 21180K, committed 21504K, reserved 1114112K
  class space    used 2665K, committed 2816K, reserved 1048576K
}
Event: 1.596 GC heap before
{Heap before GC invocations=4 (full 0):
 garbage-first heap   total 69632K, used 67989K [0x0000000740000000, 0x0000000800000000)
  region size 2048K, 29 young (59392K), 5 survivors (10240K)
 Metaspace       used 27441K, committed 28032K, reserved 1114112K
  class space    used 3772K, committed 4032K, reserved 1048576K
}
Event: 1.604 GC heap after
{Heap after GC invocations=5 (full 0):
 garbage-first heap   total 83968K, used 21316K [0x0000000740000000, 0x0000000800000000)
  region size 2048K, 2 young (4096K), 2 survivors (4096K)
 Metaspace       used 27441K, committed 28032K, reserved 1114112K
  class space    used 3772K, committed 4032K, reserved 1048576K
}
Event: 1.970 GC heap before
{Heap before GC invocations=5 (full 0):
 garbage-first heap   total 83968K, used 70468K [0x0000000740000000, 0x0000000800000000)
  region size 2048K, 21 young (43008K), 2 survivors (4096K)
 Metaspace       used 31788K, committed 32640K, reserved 1114112K
  class space    used 4565K, committed 4928K, reserved 1048576K
}
Event: 1.975 GC heap after
{Heap after GC invocations=6 (full 0):
 garbage-first heap   total 83968K, used 39709K [0x0000000740000000, 0x0000000800000000)
  region size 2048K, 3 young (6144K), 3 survivors (6144K)
 Metaspace       used 31788K, committed 32640K, reserved 1114112K
  class space    used 4565K, committed 4928K, reserved 1048576K
}
Event: 2.223 GC heap before
{Heap before GC invocations=6 (full 0):
 garbage-first heap   total 83968K, used 66333K [0x0000000740000000, 0x0000000800000000)
  region size 2048K, 17 young (34816K), 3 survivors (6144K)
 Metaspace       used 35147K, committed 36096K, reserved 1114112K
  class space    used 5135K, committed 5568K, reserved 1048576K
}
Event: 2.228 GC heap after
{Heap after GC invocations=7 (full 0):
 garbage-first heap   total 83968K, used 41900K [0x0000000740000000, 0x0000000800000000)
  region size 2048K, 1 young (2048K), 1 survivors (2048K)
 Metaspace       used 35147K, committed 36096K, reserved 1114112K
  class space    used 5135K, committed 5568K, reserved 1048576K
}
Event: 2.490 GC heap before
{Heap before GC invocations=8 (full 0):
 garbage-first heap   total 83968K, used 70572K [0x0000000740000000, 0x0000000800000000)
  region size 2048K, 15 young (30720K), 1 survivors (2048K)
 Metaspace       used 38911K, committed 40192K, reserved 1114112K
  class space    used 5779K, committed 6400K, reserved 1048576K
}
Event: 2.494 GC heap after
{Heap after GC invocations=9 (full 0):
 garbage-first heap   total 83968K, used 43379K [0x0000000740000000, 0x0000000800000000)
  region size 2048K, 2 young (4096K), 2 survivors (4096K)
 Metaspace       used 38911K, committed 40192K, reserved 1114112K
  class space    used 5779K, committed 6400K, reserved 1048576K
}
Event: 2.798 GC heap before
{Heap before GC invocations=9 (full 0):
 garbage-first heap   total 83968K, used 70003K [0x0000000740000000, 0x0000000800000000)
  region size 2048K, 16 young (32768K), 2 survivors (4096K)
 Metaspace       used 44887K, committed 46208K, reserved 1114112K
  class space    used 6454K, committed 7104K, reserved 1048576K
}
Event: 2.803 GC heap after
{Heap after GC invocations=10 (full 0):
 garbage-first heap   total 102400K, used 46497K [0x0000000740000000, 0x0000000800000000)
  region size 2048K, 2 young (4096K), 2 survivors (4096K)
 Metaspace       used 44887K, committed 46208K, reserved 1114112K
  class space    used 6454K, committed 7104K, reserved 1048576K
}
Event: 3.102 GC heap before
{Heap before GC invocations=11 (full 0):
 garbage-first heap   total 102400K, used 89505K [0x0000000740000000, 0x0000000800000000)
  region size 2048K, 22 young (45056K), 2 survivors (4096K)
 Metaspace       used 47906K, committed 49216K, reserved 1114112K
  class space    used 6802K, committed 7424K, reserved 1048576K
}
Event: 3.108 GC heap after
{Heap after GC invocations=12 (full 0):
 garbage-first heap   total 102400K, used 50160K [0x0000000740000000, 0x0000000800000000)
  region size 2048K, 3 young (6144K), 3 survivors (6144K)
 Metaspace       used 47906K, committed 49216K, reserved 1114112K
  class space    used 6802K, committed 7424K, reserved 1048576K
}
Event: 3.498 GC heap before
{Heap before GC invocations=12 (full 0):
 garbage-first heap   total 108544K, used 103408K [0x0000000740000000, 0x0000000800000000)
  region size 2048K, 22 young (45056K), 3 survivors (6144K)
 Metaspace       used 51254K, committed 52672K, reserved 1114112K
  class space    used 7396K, committed 8064K, reserved 1048576K
}
Event: 3.506 GC heap after
{Heap after GC invocations=13 (full 0):
 garbage-first heap   total 118784K, used 70312K [0x0000000740000000, 0x0000000800000000)
  region size 2048K, 3 young (6144K), 3 survivors (6144K)
 Metaspace       used 51254K, committed 52672K, reserved 1114112K
  class space    used 7396K, committed 8064K, reserved 1048576K
}
Event: 3.751 GC heap before
{Heap before GC invocations=13 (full 0):
 garbage-first heap   total 118784K, used 101032K [0x0000000740000000, 0x0000000800000000)
  region size 2048K, 19 young (38912K), 3 survivors (6144K)
 Metaspace       used 54668K, committed 56192K, reserved 1114112K
  class space    used 7795K, committed 8512K, reserved 1048576K
}
Event: 3.755 GC heap after
{Heap after GC invocations=14 (full 0):
 garbage-first heap   total 118784K, used 72553K [0x0000000740000000, 0x0000000800000000)
  region size 2048K, 2 young (4096K), 2 survivors (4096K)
 Metaspace       used 54668K, committed 56192K, reserved 1114112K
  class space    used 7795K, committed 8512K, reserved 1048576K
}
Event: 4.042 GC heap before
{Heap before GC invocations=15 (full 0):
 garbage-first heap   total 126976K, used 103273K [0x0000000740000000, 0x0000000800000000)
  region size 2048K, 17 young (34816K), 2 survivors (4096K)
 Metaspace       used 57700K, committed 59328K, reserved 1114112K
  class space    used 8368K, committed 9216K, reserved 1048576K
}
Event: 4.046 GC heap after
{Heap after GC invocations=16 (full 0):
 garbage-first heap   total 126976K, used 74909K [0x0000000740000000, 0x0000000800000000)
  region size 2048K, 3 young (6144K), 3 survivors (6144K)
 Metaspace       used 57700K, committed 59328K, reserved 1114112K
  class space    used 8368K, committed 9216K, reserved 1048576K
}

