# JRE version: OpenJDK Runtime Environment (21.0.6) (build 21.0.6+-13368085-b895.109)
# Java VM: OpenJDK 64-Bit Server VM (21.0.6+-13368085-b895.109, mixed mode, emulated-client, tiered, compressed oops, compressed class ptrs, g1 gc, linux-amd64)
GC Precious Log:
 CardTable entry size: 512
 Card Set container configuration: InlinePtr #cards 4 size 8 Array Of Cards #cards 16 size 48 Howl #buckets 8 coarsen threshold 3686 Howl Bitmap #cards 512 size 80 coarsen threshold 460 Card regions per heap region 1 cards per card region 4096
 CPUs: 8 total, 8 available
 Memory: 15779M
 Large Page Support: Disabled
 NUMA Support: Disabled
 Compressed Oops: Enabled (Zero based)
 Heap Region Size: 2M
 Heap Min Capacity: 8M
 Heap Initial Capacity: 248M
 Heap Max Capacity: 3G
 Pre-touch: Disabled
 Parallel Workers: 8
 Concurrent Workers: 2
 Concurrent Refinement Workers: 8
 Periodic GC: Disabled
Heap:
 garbage-first heap   total 243712K, used 214089K [0x0000000740000000, 0x0000000800000000)
  region size 2048K, 43 young (88064K), 4 survivors (8192K)
 Metaspace       used 111009K, committed 113152K, reserved 1179648K
  class space    used 16278K, committed 17344K, reserved 1048576K
GC Heap History (20 events):
Event: 7.022 GC heap after
{Heap after GC invocations=28 (full 0):
 garbage-first heap   total 151552K, used 88747K [0x0000000740000000, 0x0000000800000000)
  region size 2048K, 2 young (4096K), 2 survivors (4096K)
 Metaspace       used 86861K, committed 88768K, reserved 1179648K
  class space    used 12552K, committed 13504K, reserved 1048576K
}
Event: 7.386 GC heap before
{Heap before GC invocations=28 (full 0):
 garbage-first heap   total 151552K, used 133803K [0x0000000740000000, 0x0000000800000000)
  region size 2048K, 25 young (51200K), 2 survivors (4096K)
 Metaspace       used 90248K, committed 92224K, reserved 1179648K
  class space    used 13080K, committed 14080K, reserved 1048576K
}
Event: 7.392 GC heap after
{Heap after GC invocations=29 (full 0):
 garbage-first heap   total 182272K, used 89900K [0x0000000740000000, 0x0000000800000000)
  region size 2048K, 3 young (6144K), 3 survivors (6144K)
 Metaspace       used 90248K, committed 92224K, reserved 1179648K
  class space    used 13080K, committed 14080K, reserved 1048576K
}
Event: 8.042 GC heap before
{Heap before GC invocations=29 (full 0):
 garbage-first heap   total 182272K, used 163628K [0x0000000740000000, 0x0000000800000000)
  region size 2048K, 39 young (79872K), 3 survivors (6144K)
 Metaspace       used 95972K, committed 97984K, reserved 1179648K
  class space    used 13973K, committed 14976K, reserved 1048576K
}
Event: 8.048 GC heap after
{Heap after GC invocations=30 (full 0):
 garbage-first heap   total 182272K, used 94117K [0x0000000740000000, 0x0000000800000000)
  region size 2048K, 5 young (10240K), 5 survivors (10240K)
 Metaspace       used 95972K, committed 97984K, reserved 1179648K
  class space    used 13973K, committed 14976K, reserved 1048576K
}
Event: 8.591 GC heap before
{Heap before GC invocations=30 (full 0):
 garbage-first heap   total 182272K, used 157605K [0x0000000740000000, 0x0000000800000000)
  region size 2048K, 37 young (75776K), 5 survivors (10240K)
 Metaspace       used 100299K, committed 102336K, reserved 1179648K
  class space    used 14526K, committed 15552K, reserved 1048576K
}
Event: 8.603 GC heap after
{Heap after GC invocations=31 (full 0):
 garbage-first heap   total 182272K, used 101619K [0x0000000740000000, 0x0000000800000000)
  region size 2048K, 5 young (10240K), 5 survivors (10240K)
 Metaspace       used 100299K, committed 102336K, reserved 1179648K
  class space    used 14526K, committed 15552K, reserved 1048576K
}
Event: 9.030 GC heap before
{Heap before GC invocations=31 (full 0):
 garbage-first heap   total 182272K, used 158963K [0x0000000740000000, 0x0000000800000000)
  region size 2048K, 34 young (69632K), 5 survivors (10240K)
 Metaspace       used 103283K, committed 105408K, reserved 1179648K
  class space    used 14978K, committed 16000K, reserved 1048576K
}
Event: 9.043 GC heap after
{Heap after GC invocations=32 (full 0):
 garbage-first heap   total 182272K, used 108903K [0x0000000740000000, 0x0000000800000000)
  region size 2048K, 4 young (8192K), 4 survivors (8192K)
 Metaspace       used 103283K, committed 105408K, reserved 1179648K
  class space    used 14978K, committed 16000K, reserved 1048576K
}
Event: 9.283 GC heap before
{Heap before GC invocations=33 (full 0):
 garbage-first heap   total 184320K, used 160103K [0x0000000740000000, 0x0000000800000000)
  region size 2048K, 30 young (61440K), 4 survivors (8192K)
 Metaspace       used 103284K, committed 105408K, reserved 1179648K
  class space    used 14978K, committed 16000K, reserved 1048576K
}
Event: 9.290 GC heap after
{Heap after GC invocations=34 (full 0):
 garbage-first heap   total 184320K, used 110966K [0x0000000740000000, 0x0000000800000000)
  region size 2048K, 3 young (6144K), 3 survivors (6144K)
 Metaspace       used 103284K, committed 105408K, reserved 1179648K
  class space    used 14978K, committed 16000K, reserved 1048576K
}
Event: 9.548 GC heap before
{Heap before GC invocations=34 (full 0):
 garbage-first heap   total 184320K, used 164214K [0x0000000740000000, 0x0000000800000000)
  region size 2048K, 30 young (61440K), 3 survivors (6144K)
 Metaspace       used 103442K, committed 105600K, reserved 1179648K
  class space    used 15010K, committed 16064K, reserved 1048576K
}
Event: 9.555 GC heap after
{Heap after GC invocations=35 (full 0):
 garbage-first heap   total 184320K, used 112096K [0x0000000740000000, 0x0000000800000000)
  region size 2048K, 4 young (8192K), 4 survivors (8192K)
 Metaspace       used 103442K, committed 105600K, reserved 1179648K
  class space    used 15010K, committed 16064K, reserved 1048576K
}
Event: 9.756 GC heap before
{Heap before GC invocations=35 (full 0):
 garbage-first heap   total 184320K, used 161248K [0x0000000740000000, 0x0000000800000000)
  region size 2048K, 29 young (59392K), 4 survivors (8192K)
 Metaspace       used 103507K, committed 105600K, reserved 1179648K
  class space    used 15023K, committed 16064K, reserved 1048576K
}
Event: 9.764 GC heap after
{Heap after GC invocations=36 (full 0):
 garbage-first heap   total 241664K, used 113972K [0x0000000740000000, 0x0000000800000000)
  region size 2048K, 3 young (6144K), 3 survivors (6144K)
 Metaspace       used 103507K, committed 105600K, reserved 1179648K
  class space    used 15023K, committed 16064K, reserved 1048576K
}
Event: 10.245 GC heap before
{Heap before GC invocations=37 (full 0):
 garbage-first heap   total 241664K, used 216372K [0x0000000740000000, 0x0000000800000000)
  region size 2048K, 54 young (110592K), 3 survivors (6144K)
 Metaspace       used 105031K, committed 107200K, reserved 1179648K
  class space    used 15301K, committed 16384K, reserved 1048576K
}
Event: 10.254 GC heap after
{Heap after GC invocations=38 (full 0):
 garbage-first heap   total 241664K, used 120104K [0x0000000740000000, 0x0000000800000000)
  region size 2048K, 6 young (12288K), 6 survivors (12288K)
 Metaspace       used 105031K, committed 107200K, reserved 1179648K
  class space    used 15301K, committed 16384K, reserved 1048576K
}
Event: 10.436 GC heap before
{Heap before GC invocations=38 (full 0):
 garbage-first heap   total 241664K, used 210216K [0x0000000740000000, 0x0000000800000000)
  region size 2048K, 51 young (104448K), 6 survivors (12288K)
 Metaspace       used 107414K, committed 109504K, reserved 1179648K
  class space    used 15654K, committed 16704K, reserved 1048576K
}
Event: 10.451 GC heap after
{Heap after GC invocations=39 (full 0):
 garbage-first heap   total 243712K, used 134217K [0x0000000740000000, 0x0000000800000000)
  region size 2048K, 7 young (14336K), 7 survivors (14336K)
 Metaspace       used 107414K, committed 109504K, reserved 1179648K
  class space    used 15654K, committed 16704K, reserved 1048576K
}
Event: 10.700 GC heap before
{Heap before GC invocations=39 (full 0):
 garbage-first heap   total 243712K, used 212041K [0x0000000740000000, 0x0000000800000000)
  region size 2048K, 46 young (94208K), 7 survivors (14336K)
 Metaspace       used 111009K, committed 113152K, reserved 1179648K
  class space    used 16278K, committed 17344K, reserved 1048576K
}

